<?xml version="1.0" encoding="UTF-8"?>
<testsuites name="jest tests" tests="1" failures="0" errors="0" time="1.376">
  <testsuite name="rsp-jupyter-extensions" errors="0" failures="0" skipped="0" timestamp="2024-11-21T19:45:44" time="0.911" tests="1">
    <testcase classname="rsp-jupyter-extensions should be tested" name="rsp-jupyter-extensions should be tested" time="0.001">
    </testcase>
  </testsuite>
</testsuites>